<?xml version="1.0" encoding="UTF-8"?>
<!-- Generated by org.testng.reporters.JUnitReportReporter -->
<testsuite hostname="Surekha-Laptop" failures="0" tests="1" name="practice.datadriventesting.ReadRunTimeMavenParameterTest" time="0.016" errors="0" timestamp="10 Dec 2025 10:09:23 GMT" skipped="0">
  <testcase classname="practice.datadriventesting.ReadRunTimeMavenParameterTest" name="runtimeParameterTest" time="0.016"/>
</testsuite> <!-- practice.datadriventesting.ReadRunTimeMavenParameterTest -->
