<?xml version="1.0" encoding="UTF-8"?>
<!-- Generated by org.testng.reporters.JUnitReportReporter -->
<testsuite hostname="Surekha-Laptop" failures="0" tests="4" name="com.crm.comcast.contactTest.CreateContactTest" time="0.013" errors="0" timestamp="2025-12-30T15:50:12 IST" skipped="0">
  <testcase classname="com.crm.comcast.contactTest.CreateContactTest" name="createContact" time="0.003"/>
  <testcase classname="com.crm.comcast.contactTest.CreateContactTest" name="deleteContactWithDate" time="0.004"/>
  <testcase classname="com.crm.comcast.contactTest.CreateContactTest" name="createContactWithDate" time="0.002"/>
  <testcase classname="com.crm.comcast.contactTest.CreateContactTest" name="modifyContactWithDate" time="0.004"/>
</testsuite> <!-- com.crm.comcast.contactTest.CreateContactTest -->
