<?xml version="1.0" encoding="UTF-8"?>
<!-- Generated by org.testng.reporters.JUnitReportReporter -->
<testsuite hostname="Surekha-Laptop" failures="0" tests="2" name="com.crm.comcast.orgTest.CreateOrgTest" time="0.011" errors="0" timestamp="2025-12-30T15:50:12 IST" skipped="0">
  <testcase classname="com.crm.comcast.orgTest.CreateOrgTest" name="createOrgWithIndustry" time="0.004"/>
  <testcase classname="com.crm.comcast.orgTest.CreateOrgTest" name="createOrgTest" time="0.007"/>
</testsuite> <!-- com.crm.comcast.orgTest.CreateOrgTest -->
