<?xml version="1.0" encoding="UTF-8"?>
<!-- Generated by org.testng.reporters.JUnitReportReporter -->
<testsuite hostname="Surekha-Laptop" failures="0" tests="3" name="practice.testing.CreateContact_DP_Test" time="0.018" errors="0" timestamp="17 Dec 2025 10:24:42 GMT" skipped="0">
  <testcase classname="practice.testing.CreateContact_DP_Test" name="createContactTest" time="0.015"/>
  <testcase classname="practice.testing.CreateContact_DP_Test" name="createContactTest" time="0.001"/>
  <testcase classname="practice.testing.CreateContact_DP_Test" name="createContactTest" time="0.002"/>
</testsuite> <!-- practice.testing.CreateContact_DP_Test -->
