<?xml version="1.0" encoding="UTF-8"?>
<!-- Generated by org.testng.reporters.JUnitReportReporter -->
<testsuite hostname="Surekha-Laptop" failures="0" tests="1" name="practice.contactTest.CreateContactTestWithSupportDateTest" time="17.047" errors="0" timestamp="13 Dec 2025 07:15:06 GMT" skipped="0">
  <testcase classname="practice.contactTest.CreateContactTestWithSupportDateTest" name="testcase" time="17.047"/>
</testsuite> <!-- practice.contactTest.CreateContactTestWithSupportDateTest -->
