<?xml version="1.0" encoding="UTF-8"?>
<!-- Generated by org.testng.reporters.JUnitReportReporter -->
<testsuite hostname="Surekha-Laptop" failures="0" tests="2" name="com.pac1.CreateContactTest" time="0.048" errors="0" timestamp="18 Dec 2025 05:28:01 GMT" skipped="0">
  <testcase classname="com.pac1.CreateContactTest" name="createContact" time="0.043"/>
  <testcase classname="com.pac1.CreateContactTest" name="createContactWithDate" time="0.005"/>
</testsuite> <!-- com.pac1.CreateContactTest -->
