<?xml version="1.0" encoding="UTF-8"?>
<!-- Generated by org.testng.reporters.JUnitReportReporter -->
<testsuite hostname="Surekha-Laptop" failures="0" tests="11" name="practice.testing.InnvocationCount" time="0.033" errors="0" timestamp="17 Dec 2025 10:22:59 GMT" skipped="1">
  <testcase classname="practice.testing.InnvocationCount" name="createOrderTest" time="0.001"/>
  <testcase classname="practice.testing.InnvocationCount" name="createOrderTest" time="0.003"/>
  <testcase classname="practice.testing.InnvocationCount" name="createOrderTest" time="0.003"/>
  <testcase classname="practice.testing.InnvocationCount" name="createOrderTest" time="0.002"/>
  <testcase classname="practice.testing.InnvocationCount" name="createOrderTest" time="0.001"/>
  <testcase classname="practice.testing.InnvocationCount" name="createOrderTest" time="0.002"/>
  <testcase classname="practice.testing.InnvocationCount" name="createOrderTest" time="0.002"/>
  <testcase classname="practice.testing.InnvocationCount" name="createOrderTest" time="0.015"/>
  <testcase classname="practice.testing.InnvocationCount" name="createOrderTest" time="0.002"/>
  <testcase classname="practice.testing.InnvocationCount" name="createOrderTest" time="0.002"/>
  <testcase classname="practice.testing.InnvocationCount" name="billingAnOrderTest">
    <skipped/>
  </testcase> <!-- billingAnOrderTest -->
</testsuite> <!-- practice.testing.InnvocationCount -->
