<?xml version="1.0" encoding="UTF-8"?>
<!-- Generated by org.testng.reporters.JUnitReportReporter -->
<testsuite hostname="Surekha-Laptop" failures="0" tests="2" name="com.crm.comcast.contactTest.CreateContactTest" time="0.010" errors="0" timestamp="18 Dec 2025 09:26:53 GMT" skipped="0">
  <testcase classname="com.crm.comcast.contactTest.CreateContactTest" name="createContactWithDate" time="0.005"/>
  <testcase classname="com.crm.comcast.contactTest.CreateContactTest" name="createContact" time="0.005"/>
</testsuite> <!-- com.crm.comcast.contactTest.CreateContactTest -->
