<?xml version="1.0" encoding="UTF-8"?>
<!-- Generated by org.testng.reporters.JUnitReportReporter -->
<testsuite hostname="Surekha-Laptop" failures="0" tests="3" name="practice.testing.ContactTest" time="0.025" errors="0" timestamp="17 Dec 2025 09:32:05 GMT" skipped="0">
  <testcase classname="practice.testing.ContactTest" name="modifyContactTest" time="0.003"/>
  <testcase classname="practice.testing.ContactTest" name="deleteContactTest" time="0.003"/>
  <testcase classname="practice.testing.ContactTest" name="createContactTest" time="0.019"/>
</testsuite> <!-- practice.testing.ContactTest -->
