<?xml version="1.0" encoding="UTF-8"?>
<!-- Generated by org.testng.reporters.JUnitReportReporter -->
<testsuite hostname="Surekha-Laptop" failures="0" tests="1" name="practice.datadriventesting.SampleUnitTestCheckProjectInBackEnd" time="0.391" errors="0" timestamp="11 Dec 2025 10:25:31 GMT" skipped="0">
  <testcase classname="practice.datadriventesting.SampleUnitTestCheckProjectInBackEnd" name="studentcheckTest" time="0.391"/>
</testsuite> <!-- practice.datadriventesting.SampleUnitTestCheckProjectInBackEnd -->
