<?xml version="1.0" encoding="UTF-8"?>
<!-- Generated by org.testng.reporters.JUnitReportReporter -->
<testsuite hostname="Surekha-Laptop" failures="0" tests="3" name="practice.test.GetProductInfo2Test" time="19.073" errors="0" timestamp="17 Dec 2025 12:03:33 GMT" skipped="0">
  <testcase classname="practice.test.GetProductInfo2Test" name="getData" time="5.984"/>
  <testcase classname="practice.test.GetProductInfo2Test" name="getData" time="6.880"/>
  <testcase classname="practice.test.GetProductInfo2Test" name="getData" time="6.209"/>
</testsuite> <!-- practice.test.GetProductInfo2Test -->
