<?xml version="1.0" encoding="UTF-8"?>
<testng-results ignored="0" total="6" passed="6" failed="0" skipped="0">
  <reporter-output>
  </reporter-output>
  <suite started-at="2025-12-30T15:50:12 IST" name="Suite" finished-at="2025-12-30T15:50:12 IST" duration-ms="171">
    <groups>
    </groups>
    <test started-at="2025-12-30T15:50:12 IST" name="Test" finished-at="2025-12-30T15:50:12 IST" duration-ms="171">
      <class name="com.crm.comcast.orgTest.CreateOrgTest">
        <test-method is-config="true" signature="configBS()[pri:0, instance:com.crm.comcast.orgTest.CreateOrgTest@3cc2931c]" started-at="2025-12-30T15:50:12 IST" name="configBS" finished-at="2025-12-30T15:50:12 IST" duration-ms="37" status="PASS">
          <reporter-output>
          </reporter-output>
        </test-method> <!-- configBS -->
        <test-method is-config="true" signature="configBC()[pri:0, instance:com.crm.comcast.orgTest.CreateOrgTest@3cc2931c]" started-at="2025-12-30T15:50:12 IST" name="configBC" finished-at="2025-12-30T15:50:12 IST" duration-ms="1" status="PASS">
          <reporter-output>
          </reporter-output>
        </test-method> <!-- configBC -->
        <test-method is-config="true" signature="configBM()[pri:0, instance:com.crm.comcast.orgTest.CreateOrgTest@3cc2931c]" started-at="2025-12-30T15:50:12 IST" name="configBM" finished-at="2025-12-30T15:50:12 IST" duration-ms="2" status="PASS">
          <reporter-output>
          </reporter-output>
        </test-method> <!-- configBM -->
        <test-method signature="createOrgTest()[pri:0, instance:com.crm.comcast.orgTest.CreateOrgTest@3cc2931c]" started-at="2025-12-30T15:50:12 IST" name="createOrgTest" finished-at="2025-12-30T15:50:12 IST" duration-ms="5" status="PASS">
          <reporter-output>
          </reporter-output>
        </test-method> <!-- createOrgTest -->
        <test-method is-config="true" signature="configAM()[pri:0, instance:com.crm.comcast.orgTest.CreateOrgTest@3cc2931c]" started-at="2025-12-30T15:50:12 IST" name="configAM" finished-at="2025-12-30T15:50:12 IST" duration-ms="1" status="PASS">
          <reporter-output>
          </reporter-output>
        </test-method> <!-- configAM -->
        <test-method is-config="true" signature="configBM()[pri:0, instance:com.crm.comcast.orgTest.CreateOrgTest@3cc2931c]" started-at="2025-12-30T15:50:12 IST" name="configBM" finished-at="2025-12-30T15:50:12 IST" duration-ms="1" status="PASS">
          <reporter-output>
          </reporter-output>
        </test-method> <!-- configBM -->
        <test-method signature="createOrgWithIndustry()[pri:0, instance:com.crm.comcast.orgTest.CreateOrgTest@3cc2931c]" started-at="2025-12-30T15:50:12 IST" name="createOrgWithIndustry" finished-at="2025-12-30T15:50:12 IST" duration-ms="1" status="PASS">
          <reporter-output>
          </reporter-output>
        </test-method> <!-- createOrgWithIndustry -->
        <test-method is-config="true" signature="configAM()[pri:0, instance:com.crm.comcast.orgTest.CreateOrgTest@3cc2931c]" started-at="2025-12-30T15:50:12 IST" name="configAM" finished-at="2025-12-30T15:50:12 IST" duration-ms="1" status="PASS">
          <reporter-output>
          </reporter-output>
        </test-method> <!-- configAM -->
        <test-method is-config="true" signature="configAC()[pri:0, instance:com.crm.comcast.orgTest.CreateOrgTest@3cc2931c]" started-at="2025-12-30T15:50:12 IST" name="configAC" finished-at="2025-12-30T15:50:12 IST" duration-ms="2" status="PASS">
          <reporter-output>
          </reporter-output>
        </test-method> <!-- configAC -->
        <test-method is-config="true" signature="configAS()[pri:0, instance:com.crm.comcast.orgTest.CreateOrgTest@3cc2931c]" started-at="2025-12-30T15:50:12 IST" name="configAS" finished-at="2025-12-30T15:50:12 IST" duration-ms="1" status="PASS">
          <reporter-output>
          </reporter-output>
        </test-method> <!-- configAS -->
      </class> <!-- com.crm.comcast.orgTest.CreateOrgTest -->
      <class name="com.crm.comcast.contactTest.CreateContactTest">
        <test-method is-config="true" signature="configBC()[pri:0, instance:com.crm.comcast.contactTest.CreateContactTest@5c909414]" started-at="2025-12-30T15:50:12 IST" name="configBC" finished-at="2025-12-30T15:50:12 IST" duration-ms="1" status="PASS">
          <reporter-output>
          </reporter-output>
        </test-method> <!-- configBC -->
        <test-method is-config="true" signature="configBM()[pri:0, instance:com.crm.comcast.contactTest.CreateContactTest@5c909414]" started-at="2025-12-30T15:50:12 IST" name="configBM" finished-at="2025-12-30T15:50:12 IST" duration-ms="1" status="PASS">
          <reporter-output>
          </reporter-output>
        </test-method> <!-- configBM -->
        <test-method signature="createContact()[pri:0, instance:com.crm.comcast.contactTest.CreateContactTest@5c909414]" started-at="2025-12-30T15:50:12 IST" name="createContact" finished-at="2025-12-30T15:50:12 IST" duration-ms="1" status="PASS">
          <reporter-output>
          </reporter-output>
        </test-method> <!-- createContact -->
        <test-method is-config="true" signature="configAM()[pri:0, instance:com.crm.comcast.contactTest.CreateContactTest@5c909414]" started-at="2025-12-30T15:50:12 IST" name="configAM" finished-at="2025-12-30T15:50:12 IST" duration-ms="1" status="PASS">
          <reporter-output>
          </reporter-output>
        </test-method> <!-- configAM -->
        <test-method is-config="true" signature="configBM()[pri:0, instance:com.crm.comcast.contactTest.CreateContactTest@5c909414]" started-at="2025-12-30T15:50:12 IST" name="configBM" finished-at="2025-12-30T15:50:12 IST" duration-ms="1" status="PASS">
          <reporter-output>
          </reporter-output>
        </test-method> <!-- configBM -->
        <test-method signature="createContactWithDate()[pri:0, instance:com.crm.comcast.contactTest.CreateContactTest@5c909414]" started-at="2025-12-30T15:50:12 IST" name="createContactWithDate" finished-at="2025-12-30T15:50:12 IST" duration-ms="1" status="PASS">
          <reporter-output>
          </reporter-output>
        </test-method> <!-- createContactWithDate -->
        <test-method is-config="true" signature="configAM()[pri:0, instance:com.crm.comcast.contactTest.CreateContactTest@5c909414]" started-at="2025-12-30T15:50:12 IST" name="configAM" finished-at="2025-12-30T15:50:12 IST" duration-ms="1" status="PASS">
          <reporter-output>
          </reporter-output>
        </test-method> <!-- configAM -->
        <test-method is-config="true" signature="configBM()[pri:0, instance:com.crm.comcast.contactTest.CreateContactTest@5c909414]" started-at="2025-12-30T15:50:12 IST" name="configBM" finished-at="2025-12-30T15:50:12 IST" duration-ms="1" status="PASS">
          <reporter-output>
          </reporter-output>
        </test-method> <!-- configBM -->
        <test-method signature="deleteContactWithDate()[pri:0, instance:com.crm.comcast.contactTest.CreateContactTest@5c909414]" started-at="2025-12-30T15:50:12 IST" name="deleteContactWithDate" finished-at="2025-12-30T15:50:12 IST" duration-ms="1" status="PASS">
          <reporter-output>
          </reporter-output>
        </test-method> <!-- deleteContactWithDate -->
        <test-method is-config="true" signature="configAM()[pri:0, instance:com.crm.comcast.contactTest.CreateContactTest@5c909414]" started-at="2025-12-30T15:50:12 IST" name="configAM" finished-at="2025-12-30T15:50:12 IST" duration-ms="0" status="PASS">
          <reporter-output>
          </reporter-output>
        </test-method> <!-- configAM -->
        <test-method is-config="true" signature="configBM()[pri:0, instance:com.crm.comcast.contactTest.CreateContactTest@5c909414]" started-at="2025-12-30T15:50:12 IST" name="configBM" finished-at="2025-12-30T15:50:12 IST" duration-ms="2" status="PASS">
          <reporter-output>
          </reporter-output>
        </test-method> <!-- configBM -->
        <test-method signature="modifyContactWithDate()[pri:0, instance:com.crm.comcast.contactTest.CreateContactTest@5c909414]" started-at="2025-12-30T15:50:12 IST" name="modifyContactWithDate" finished-at="2025-12-30T15:50:12 IST" duration-ms="1" status="PASS">
          <reporter-output>
          </reporter-output>
        </test-method> <!-- modifyContactWithDate -->
        <test-method is-config="true" signature="configAM()[pri:0, instance:com.crm.comcast.contactTest.CreateContactTest@5c909414]" started-at="2025-12-30T15:50:12 IST" name="configAM" finished-at="2025-12-30T15:50:12 IST" duration-ms="2" status="PASS">
          <reporter-output>
          </reporter-output>
        </test-method> <!-- configAM -->
        <test-method is-config="true" signature="configAC()[pri:0, instance:com.crm.comcast.contactTest.CreateContactTest@5c909414]" started-at="2025-12-30T15:50:12 IST" name="configAC" finished-at="2025-12-30T15:50:12 IST" duration-ms="1" status="PASS">
          <reporter-output>
          </reporter-output>
        </test-method> <!-- configAC -->
      </class> <!-- com.crm.comcast.contactTest.CreateContactTest -->
    </test> <!-- Test -->
  </suite> <!-- Suite -->
</testng-results>
