<?xml version="1.0" encoding="UTF-8"?>
<testng-results ignored="0" total="3" passed="3" failed="0" skipped="0">
  <reporter-output>
  </reporter-output>
  <suite started-at="2025-12-30T08:03:27Z" name="Suite" finished-at="2025-12-30T08:03:50Z" duration-ms="22636">
    <groups>
    </groups>
    <test started-at="2025-12-30T08:03:27Z" name="Test" finished-at="2025-12-30T08:03:50Z" duration-ms="22636">
      <class name="dws_testcases.DWS_SearchTest">
        <test-method signature="TC1()[pri:0, instance:dws_testcases.DWS_SearchTest@6f53b8a]" started-at="2025-12-30T08:03:37Z" name="TC1" finished-at="2025-12-30T08:03:43Z" duration-ms="5651" status="PASS">
          <reporter-output>
          </reporter-output>
        </test-method> <!-- TC1 -->
      </class> <!-- dws_testcases.DWS_SearchTest -->
      <class name="dws_testcases.DWS_RegisterTest">
        <test-method signature="TC2()[pri:0, instance:dws_testcases.DWS_RegisterTest@4d1bf319]" started-at="2025-12-30T08:03:27Z" name="TC2" finished-at="2025-12-30T08:03:37Z" duration-ms="10315" status="PASS">
          <reporter-output>
          </reporter-output>
        </test-method> <!-- TC2 -->
      </class> <!-- dws_testcases.DWS_RegisterTest -->
      <class name="dws_testcases.DWS_LoginTest">
        <test-method signature="TC3()[pri:0, instance:dws_testcases.DWS_LoginTest@5c80cf32]" started-at="2025-12-30T08:03:43Z" name="TC3" finished-at="2025-12-30T08:03:50Z" duration-ms="6622" status="PASS">
          <reporter-output>
          </reporter-output>
        </test-method> <!-- TC3 -->
      </class> <!-- dws_testcases.DWS_LoginTest -->
    </test> <!-- Test -->
  </suite> <!-- Suite -->
</testng-results>
