<?xml version="1.0" encoding="UTF-8"?>
<testsuite xmlns:xsi="http://www.w3.org/2001/XMLSchema-instance" xsi:schemaLocation="https://maven.apache.org/surefire/maven-surefire-plugin/xsd/surefire-test-report.xsd" name="TestSuite" time="2.767" tests="6" errors="0" skipped="0" failures="0">
  <properties>
[...]
</properties>
  <testcase name="createOrgTest" classname="com.crm.comcast.orgTest.CreateOrgTest" time="0.01"/>
  <testcase name="createOrgWithIndustry" classname="com.crm.comcast.orgTest.CreateOrgTest" time="0.001"/>
  <testcase name="createContact" classname="com.crm.comcast.contactTest.CreateContactTest" time="0.002"/>
  <testcase name="createContactWithDate" classname="com.crm.comcast.contactTest.CreateContactTest" time="0.001"/>
  <testcase name="deleteContactWithDate" classname="com.crm.comcast.contactTest.CreateContactTest" time="0"/>
  <testcase name="modifyContactWithDate" classname="com.crm.comcast.contactTest.CreateContactTest" time="0.001"/>
</testsuite>