<?xml version="1.0" encoding="UTF-8"?>
<!-- Generated by org.testng.reporters.JUnitXMLReporter -->
<testsuite ignored="0" hostname="Surekha-Laptop" failures="0" tests="3" name="Test" time="22.636" errors="0" timestamp="30 Dec 2025 08:03:50 GMT">
  <testcase classname="dws_testcases.DWS_RegisterTest" name="TC2" time="10.315"/>
  <testcase classname="dws_testcases.DWS_SearchTest" name="TC1" time="5.651"/>
  <testcase classname="dws_testcases.DWS_LoginTest" name="TC3" time="6.622"/>
</testsuite> <!-- Test -->
