<?xml version="1.0" encoding="UTF-8"?>
<!-- Generated by org.testng.reporters.JUnitXMLReporter -->
<testsuite ignored="2" hostname="Surekha-Laptop" failures="0" tests="6" name="Test" time="0.171" errors="0" timestamp="2025-12-30T15:50:12 IST">
  <testcase classname="com.crm.comcast.orgTest.CreateOrgTest" name="createOrgTest" time="0.005"/>
  <testcase classname="com.crm.comcast.orgTest.CreateOrgTest" name="createOrgWithIndustry" time="0.001"/>
  <testcase classname="com.crm.comcast.contactTest.CreateContactTest" name="createContact" time="0.001"/>
  <testcase classname="com.crm.comcast.contactTest.CreateContactTest" name="createContactWithDate" time="0.001"/>
  <testcase classname="com.crm.comcast.contactTest.CreateContactTest" name="deleteContactWithDate" time="0.001"/>
  <testcase classname="com.crm.comcast.contactTest.CreateContactTest" name="modifyContactWithDate" time="0.001"/>
  <testcase classname="com.crm.generic.baseutility.BaseClass" name="@AfterSuite configAS" time="0.0">
    <ignored/>
  </testcase> <!-- @AfterSuite configAS -->
  <testcase classname="com.crm.generic.baseutility.BaseClass" name="@BeforeSuite configBS" time="0.0">
    <ignored/>
  </testcase> <!-- @BeforeSuite configBS -->
</testsuite> <!-- Test -->
