<?xml version="1.0" encoding="UTF-8"?>
<!-- Generated by org.testng.reporters.JUnitXMLReporter -->
<testsuite ignored="2" hostname="Surekha-Laptop" failures="0" tests="1" name="Default test" time="6.642" errors="0" timestamp="23 Dec 2025 06:10:25 GMT">
  <testcase classname="practice.testng.SampleExtentReportTest" name="createContactTest" time="6.62"/>
  <testcase classname="practice.testng.SampleExtentReportTest" name="createContactWithPhnnumTest" time="0.0">
    <ignored/>
  </testcase> <!-- createContactWithPhnnumTest -->
  <testcase classname="practice.testng.SampleExtentReportTest" name="createContactWithOrgTest" time="0.0">
    <ignored/>
  </testcase> <!-- createContactWithOrgTest -->
</testsuite> <!-- Default test -->
