<?xml version="1.0" encoding="UTF-8"?>
<testng-results ignored="2" total="3" passed="1" failed="0" skipped="0">
  <reporter-output>
  </reporter-output>
  <suite started-at="2025-12-23T06:10:18Z" name="Default suite" finished-at="2025-12-23T06:10:25Z" duration-ms="6642">
    <groups>
    </groups>
    <test started-at="2025-12-23T06:10:18Z" name="Default test" finished-at="2025-12-23T06:10:25Z" duration-ms="6642">
      <class name="practice.testng.SampleExtentReportTest">
        <test-method is-config="true" signature="configBS()[pri:0, instance:practice.testng.SampleExtentReportTest@7fb4f2a9]" started-at="2025-12-23T06:10:18Z" name="configBS" finished-at="2025-12-23T06:10:18Z" duration-ms="332" status="PASS">
          <reporter-output>
          </reporter-output>
        </test-method> <!-- configBS -->
        <test-method signature="createContactTest()[pri:0, instance:practice.testng.SampleExtentReportTest@7fb4f2a9]" started-at="2025-12-23T06:10:18Z" name="createContactTest" finished-at="2025-12-23T06:10:25Z" duration-ms="6620" status="PASS">
          <reporter-output>
          </reporter-output>
        </test-method> <!-- createContactTest -->
        <test-method is-config="true" signature="configAS()[pri:0, instance:practice.testng.SampleExtentReportTest@7fb4f2a9]" started-at="2025-12-23T06:10:25Z" name="configAS" finished-at="2025-12-23T06:10:25Z" duration-ms="405" status="PASS">
          <reporter-output>
          </reporter-output>
        </test-method> <!-- configAS -->
      </class> <!-- practice.testng.SampleExtentReportTest -->
    </test> <!-- Default test -->
  </suite> <!-- Default suite -->
</testng-results>
